Files created:
10
File: important_results1.txt
our hypothesis is right!
-----------------------------
File: important_results2.txt
our hypothesis is right!
-----------------------------
File: important_results3.txt
our hypothesis is right!
-----------------------------
File: important_results4.txt
our hypothesis is right!
-----------------------------
File: important_results5.txt
our hypothesis is right!
-----------------------------
File: important_results6.txt
our hypothesis is right!
-----------------------------
File: important_results7.txt
our hypothesis is right!
-----------------------------
File: important_results8.txt
our hypothesis is right!
-----------------------------
File: important_results9.txt
our hypothesis is right!
-----------------------------
File: important_results10.txt
our hypothesis is right!
-----------------------------
