ls: cannot access latest_nature_paper/: No such file or directory
/home/u13/blimon/ccbb_projects/:
error_test.sbatch
hw3.sbatch
important_results10.txt
important_results1.txt
important_results2.txt
important_results3.txt
important_results4.txt
important_results5.txt
important_results6.txt
important_results7.txt
important_results8.txt
important_results9.txt
name.txt
research.txt
science.txt
slurm-3347294.out
slurm-3347295.out
slurm-3350857.out
slurm-3350869.out
slurm-3350875.out
slurm-3350978.out
slurm-3351659.out
slurm-3351674.out
slurm-3351677.out
slurm-3351681.out
slurm-3351697.out
slurm-3351727.out
slurm-3351752.out
slurm-3351802.out
test_bash.sbatch
test_bash.sh
variables.txt
